<?xml version="1.0" encoding="UTF-8"?>
<testsuites name="Testhook" time="140" tests="3" failures="0" errors="0">
   <testsuite name="Testhook" tests="3" failures="0" errors="0" time="140" timestamp="2019-03-17 21:40:48" hostname="Ramesh - TEJA" id="Test Suites/Testhook">
      <properties>
         <property name="deviceName" value=""/>
         <property name="devicePlatform" value=""/>
         <property name="logFolder" value="C:\\Users\\Ramesh\\Katalon Studio\\Rameshbabu\\Reports\\Testhook\\20190317_214038"/>
         <property name="logFiles" value="C:\\Users\\Ramesh\\Katalon Studio\\Rameshbabu\\Reports\\Testhook\\20190317_214038\\execution0.log"/>
         <property name="attachments" value=""/>
         <property name="hostName" value="Ramesh - TEJA"/>
         <property name="os" value="Windows 10 64bit"/>
         <property name="katalonVersion" value="5.10.1.1"/>
         <property name="browser" value="Chrome 72.0.3626.121"/>
         <property name="hostAddress" value="192.168.0.117"/>
         <property name="sessionId" value="2191d294a492e3dddacc576b5d9be35f"/>
         <property name="seleniumVersion" value="3.7.1"/>
         <property name="proxyInformation" value="ProxyInformation{proxyOption=NO_PROXY, proxyServerType=HTTP, password=, proxyServerAddress=, proxyServerPort=0}"/>
         <property name="platform" value="Windows 10"/>
      </properties>
      <testcase name="Test Cases/TestListener" classname="Test Cases/TestListener" status="PASSED">
         <system-out><![CDATA[2019-03-17 21:40:49 - [TEST_CASE][PASSED] - Test Cases/TestListener: Test Cases/TestListener

2019-03-17 21:40:49 - [TEST_STEP][PASSED] - Start listener action : sampleBeforeTestCase: Browser is opened with url: 'https://www.nopcommerce.com/'

2019-03-17 21:40:49 - [TEST_STEP][PASSED] - println(testCaseContext.getTestCaseId()): null

2019-03-17 21:40:49 - [TEST_STEP][PASSED] - println(testCaseContext.getTestCaseVariables()): null

2019-03-17 21:40:49 - [TEST_STEP][PASSED] - openBrowser("https://www.nopcommerce.com/"): Browser is opened with url: 'https://www.nopcommerce.com/'

2019-03-17 21:40:50 - [MESSAGE][INFO] - Starting 'Chrome' driver

2019-03-17 21:40:50 - [MESSAGE][INFO] - Action delay is set to 2 seconds

2019-03-17 21:41:28 - [MESSAGE][PASSED] - Browser is opened with url: 'https://www.nopcommerce.com/'

2019-03-17 21:41:29 - [TEST_STEP][PASSED] - maximizeWindow(): Current window maximized

2019-03-17 21:41:32 - [MESSAGE][PASSED] - Current window maximized

2019-03-17 21:41:32 - [TEST_STEP][PASSED] - click(findTestObject("Nopcommerce/Products")): Object: 'Object Repository/Nopcommerce/Products' is clicked on

2019-03-17 21:41:37 - [MESSAGE][PASSED] - Object: 'Object Repository/Nopcommerce/Products' is clicked on

2019-03-17 21:41:37 - [TEST_STEP][PASSED] - click(findTestObject("Nopcommerce/Downloads")): Object: 'Object Repository/Nopcommerce/Downloads' is clicked on

2019-03-17 21:41:41 - [MESSAGE][PASSED] - Object: 'Object Repository/Nopcommerce/Downloads' is clicked on

2019-03-17 21:41:41 - [TEST_STEP][PASSED] - Start listener action : sampleAfterTestCase: Browser is closed

2019-03-17 21:41:41 - [TEST_STEP][PASSED] - println(testCaseContext.getTestCaseId()): null

2019-03-17 21:41:41 - [TEST_STEP][PASSED] - println(testCaseContext.getTestCaseStatus()): null

2019-03-17 21:41:41 - [TEST_STEP][PASSED] - closeBrowser(): Browser is closed

2019-03-17 21:41:44 - [MESSAGE][PASSED] - Browser is closed]]></system-out>
         <system-err><![CDATA[]]></system-err>
      </testcase>
      <testcase name="Test Cases/TestListener1" classname="Test Cases/TestListener1" status="PASSED">
         <system-out><![CDATA[2019-03-17 21:41:44 - [TEST_CASE][PASSED] - Test Cases/TestListener1: Test Cases/TestListener1

2019-03-17 21:41:44 - [TEST_STEP][PASSED] - Start listener action : sampleBeforeTestCase: Browser is opened with url: 'https://www.nopcommerce.com/'

2019-03-17 21:41:44 - [TEST_STEP][PASSED] - println(testCaseContext.getTestCaseId()): null

2019-03-17 21:41:44 - [TEST_STEP][PASSED] - println(testCaseContext.getTestCaseVariables()): null

2019-03-17 21:41:44 - [TEST_STEP][PASSED] - openBrowser("https://www.nopcommerce.com/"): Browser is opened with url: 'https://www.nopcommerce.com/'

2019-03-17 21:41:44 - [MESSAGE][INFO] - Starting 'Chrome' driver

2019-03-17 21:42:01 - [MESSAGE][PASSED] - Browser is opened with url: 'https://www.nopcommerce.com/'

2019-03-17 21:42:01 - [TEST_STEP][PASSED] - maximizeWindow(): Current window maximized

2019-03-17 21:42:04 - [MESSAGE][PASSED] - Current window maximized

2019-03-17 21:42:04 - [TEST_STEP][PASSED] - click(findTestObject("Object Repository/Nopcommerce/Registerlink")): Object: 'Object Repository/Nopcommerce/Registerlink' is clicked on

2019-03-17 21:42:12 - [MESSAGE][PASSED] - Object: 'Object Repository/Nopcommerce/Registerlink' is clicked on

2019-03-17 21:42:12 - [TEST_STEP][PASSED] - setText(findTestObject("Datadriven_OR/Datadriven1/FirstName"), "Rameshbabu"): Text 'Rameshbabu' is set on object 'Object Repository/Datadriven_OR/Datadriven1/FirstName'

2019-03-17 21:42:21 - [MESSAGE][PASSED] - Text 'Rameshbabu' is set on object 'Object Repository/Datadriven_OR/Datadriven1/FirstName'

2019-03-17 21:42:21 - [TEST_STEP][PASSED] - setText(findTestObject("Datadriven_OR/Datadriven1/Lastname"), "Gvs"): Text 'Gvs' is set on object 'Object Repository/Datadriven_OR/Datadriven1/Lastname'

2019-03-17 21:42:29 - [MESSAGE][PASSED] - Text 'Gvs' is set on object 'Object Repository/Datadriven_OR/Datadriven1/Lastname'

2019-03-17 21:42:29 - [TEST_STEP][PASSED] - setText(findTestObject("Datadriven_OR/Datadriven1/E-Mail"), "ramgvs4@gmail.com"): Text 'ramgvs4@gmail.com' is set on object 'Object Repository/Datadriven_OR/Datadriven1/E-Mail'

2019-03-17 21:42:37 - [MESSAGE][PASSED] - Text 'ramgvs4@gmail.com' is set on object 'Object Repository/Datadriven_OR/Datadriven1/E-Mail'

2019-03-17 21:42:37 - [TEST_STEP][PASSED] - Start listener action : sampleAfterTestCase: Browser is closed

2019-03-17 21:42:37 - [TEST_STEP][PASSED] - println(testCaseContext.getTestCaseId()): null

2019-03-17 21:42:37 - [TEST_STEP][PASSED] - println(testCaseContext.getTestCaseStatus()): null

2019-03-17 21:42:37 - [TEST_STEP][PASSED] - closeBrowser(): Browser is closed

2019-03-17 21:42:40 - [MESSAGE][PASSED] - Browser is closed]]></system-out>
         <system-err><![CDATA[]]></system-err>
      </testcase>
      <testcase name="Test Cases/TestListener" classname="Test Cases/TestListener" status="PASSED">
         <system-out><![CDATA[2019-03-17 21:42:40 - [TEST_CASE][PASSED] - Test Cases/TestListener: Test Cases/TestListener

2019-03-17 21:42:41 - [TEST_STEP][PASSED] - Start listener action : sampleBeforeTestCase: Browser is opened with url: 'https://www.nopcommerce.com/'

2019-03-17 21:42:41 - [TEST_STEP][PASSED] - println(testCaseContext.getTestCaseId()): null

2019-03-17 21:42:41 - [TEST_STEP][PASSED] - println(testCaseContext.getTestCaseVariables()): null

2019-03-17 21:42:41 - [TEST_STEP][PASSED] - openBrowser("https://www.nopcommerce.com/"): Browser is opened with url: 'https://www.nopcommerce.com/'

2019-03-17 21:42:41 - [MESSAGE][INFO] - Starting 'Chrome' driver

2019-03-17 21:42:54 - [MESSAGE][PASSED] - Browser is opened with url: 'https://www.nopcommerce.com/'

2019-03-17 21:42:54 - [TEST_STEP][PASSED] - maximizeWindow(): Current window maximized

2019-03-17 21:42:57 - [MESSAGE][PASSED] - Current window maximized

2019-03-17 21:42:57 - [TEST_STEP][PASSED] - click(findTestObject("Nopcommerce/Products")): Object: 'Object Repository/Nopcommerce/Products' is clicked on

2019-03-17 21:43:01 - [MESSAGE][PASSED] - Object: 'Object Repository/Nopcommerce/Products' is clicked on

2019-03-17 21:43:01 - [TEST_STEP][PASSED] - click(findTestObject("Nopcommerce/Downloads")): Object: 'Object Repository/Nopcommerce/Downloads' is clicked on

2019-03-17 21:43:06 - [MESSAGE][PASSED] - Object: 'Object Repository/Nopcommerce/Downloads' is clicked on

2019-03-17 21:43:06 - [TEST_STEP][PASSED] - Start listener action : sampleAfterTestCase: Browser is closed

2019-03-17 21:43:06 - [TEST_STEP][PASSED] - println(testCaseContext.getTestCaseId()): null

2019-03-17 21:43:06 - [TEST_STEP][PASSED] - println(testCaseContext.getTestCaseStatus()): null

2019-03-17 21:43:06 - [TEST_STEP][PASSED] - closeBrowser(): Browser is closed

2019-03-17 21:43:09 - [MESSAGE][PASSED] - Browser is closed]]></system-out>
         <system-err><![CDATA[]]></system-err>
      </testcase>
      <system-out><![CDATA[2019-03-17 21:40:48 - [TEST_SUITE][PASSED] - Testhook: Test Cases/TestListener]]></system-out>
      <system-err><![CDATA[]]></system-err>
   </testsuite>
</testsuites>
