<?xml version="1.0" encoding="UTF-8"?>
<testsuites name="Datadriven" time="304" tests="1" failures="0" errors="0">
   <testsuite name="Datadriven" tests="1" failures="0" errors="0" time="304" timestamp="2019-02-03 12:11:18" hostname="Ramesh - TEJA" id="Test Suites/Datadriven">
      <properties>
         <property name="deviceName" value=""/>
         <property name="devicePlatform" value=""/>
         <property name="logFolder" value="C:\\Users\\Ramesh\\Katalon Studio\\Rameshbabu\\Reports\\Datadriven\\20190203_121111"/>
         <property name="logFiles" value="C:\\Users\\Ramesh\\Katalon Studio\\Rameshbabu\\Reports\\Datadriven\\20190203_121111\\execution0.log"/>
         <property name="attachments" value=""/>
         <property name="hostName" value="Ramesh - TEJA"/>
         <property name="os" value="Windows 10 64bit"/>
         <property name="katalonVersion" value="5.10.1.1"/>
         <property name="browser" value="Chrome 71.0.3578.98"/>
         <property name="hostAddress" value="192.168.0.117"/>
         <property name="sessionId" value="aa389985a645bda9d57e7db4c3ba6c21"/>
         <property name="seleniumVersion" value="3.7.1"/>
         <property name="proxyInformation" value="ProxyInformation{proxyOption=NO_PROXY, proxyServerType=HTTP, password=, proxyServerAddress=, proxyServerPort=0}"/>
         <property name="platform" value="Windows 10"/>
      </properties>
      <testcase name="Test Cases/Datadriven" classname="Test Cases/Datadriven" status="PASSED">
         <system-out><![CDATA[2019-02-03 12:11:19 - [TEST_CASE][PASSED] - Test Cases/Datadriven: Test Cases/Datadriven

2019-02-03 12:11:20 - [TEST_STEP][ERROR] - Start listener action : sampleBeforeTestCase: com.kms.katalon.core.exception.StepFailedException: Unable to navigate to 'https://accounts.google.com/signup' (Root cause: com.kms.katalon.core.webui.exception.BrowserNotOpenedException: Browser is not opened
Build info: version: '3.7.1', revision: '8a0099a', time: '2017-11-06T21:07:36.161Z'
System info: host: 'TEJA', ip: '192.168.0.117', os.name: 'Windows 10', os.arch: 'amd64', os.version: '10.0', java.version: '1.8.0_181'
Driver info: driver.version: unknown)

2019-02-03 12:11:20 - [TEST_STEP][PASSED] - println(testCaseContext.getTestCaseId()): null

2019-02-03 12:11:20 - [TEST_STEP][PASSED] - println(testCaseContext.getTestCaseVariables()): null

2019-02-03 12:11:20 - [TEST_STEP][ERROR] - navigateToUrl("https://accounts.google.com/signup"): com.kms.katalon.core.exception.StepFailedException: Unable to navigate to 'https://accounts.google.com/signup' (Root cause: com.kms.katalon.core.webui.exception.BrowserNotOpenedException: Browser is not opened
Build info: version: '3.7.1', revision: '8a0099a', time: '2017-11-06T21:07:36.161Z'
System info: host: 'TEJA', ip: '192.168.0.117', os.name: 'Windows 10', os.arch: 'amd64', os.version: '10.0', java.version: '1.8.0_181'
Driver info: driver.version: unknown)

2019-02-03 12:11:22 - [MESSAGE][WARNING] - Cannot take screenshot

2019-02-03 12:11:22 - [MESSAGE][FAILED] - Unable to navigate to 'https://accounts.google.com/signup' (Root cause: com.kms.katalon.core.webui.exception.BrowserNotOpenedException: Browser is not opened
Build info: version: '3.7.1', revision: '8a0099a', time: '2017-11-06T21:07:36.161Z'
System info: host: 'TEJA', ip: '192.168.0.117', os.name: 'Windows 10', os.arch: 'amd64', os.version: '10.0', java.version: '1.8.0_181'
Driver info: driver.version: unknown)

2019-02-03 12:11:22 - [MESSAGE][ERROR] - com.kms.katalon.core.exception.StepFailedException: Unable to navigate to 'https://accounts.google.com/signup' (Root cause: com.kms.katalon.core.webui.exception.BrowserNotOpenedException: Browser is not opened
Build info: version: '3.7.1', revision: '8a0099a', time: '2017-11-06T21:07:36.161Z'
System info: host: 'TEJA', ip: '192.168.0.117', os.name: 'Windows 10', os.arch: 'amd64', os.version: '10.0', java.version: '1.8.0_181'
Driver info: driver.version: unknown)

2019-02-03 12:11:23 - [TEST_STEP][PASSED] - openBrowser(""): Browser is opened with url: ''

2019-02-03 12:11:23 - [MESSAGE][INFO] - Starting 'Chrome' driver

2019-02-03 12:11:24 - [MESSAGE][INFO] - Action delay is set to 2 seconds

2019-02-03 12:12:00 - [MESSAGE][PASSED] - Browser is opened with url: ''

2019-02-03 12:12:00 - [TEST_STEP][PASSED] - maximizeWindow(): Current window maximized

2019-02-03 12:12:03 - [MESSAGE][PASSED] - Current window maximized

2019-02-03 12:12:03 - [TEST_STEP][PASSED] - for ([rowNum = 1, rowNum <= 5, (rowNum++)]): Object: 'Object Repository/Datadriven_OR/Next' is clicked on

2019-02-03 12:12:03 - [TEST_STEP][PASSED] - navigateToUrl("https://accounts.google.com/signup"): Navigate to 'https://accounts.google.com/signup' successfully

2019-02-03 12:12:14 - [MESSAGE][PASSED] - Navigate to 'https://accounts.google.com/signup' successfully

2019-02-03 12:12:14 - [TEST_STEP][PASSED] - setText(findTestObject("Datadriven_OR/FIrst name"), Firtsname): Text '' is set on object 'Object Repository/Datadriven_OR/FIrst name'

2019-02-03 12:12:23 - [MESSAGE][PASSED] - Text '' is set on object 'Object Repository/Datadriven_OR/FIrst name'

2019-02-03 12:12:23 - [TEST_STEP][PASSED] - setText(findTestObject("Datadriven_OR/Last name"), Lastname): Text '' is set on object 'Object Repository/Datadriven_OR/Last name'

2019-02-03 12:12:31 - [MESSAGE][PASSED] - Text '' is set on object 'Object Repository/Datadriven_OR/Last name'

2019-02-03 12:12:31 - [TEST_STEP][PASSED] - setText(findTestObject("Datadriven_OR/Username"), Username): Text '' is set on object 'Object Repository/Datadriven_OR/Username'

2019-02-03 12:12:40 - [MESSAGE][PASSED] - Text '' is set on object 'Object Repository/Datadriven_OR/Username'

2019-02-03 12:12:40 - [TEST_STEP][PASSED] - setText(findTestObject("Datadriven_OR/Password"), Password): Text '' is set on object 'Object Repository/Datadriven_OR/Password'

2019-02-03 12:12:48 - [MESSAGE][PASSED] - Text '' is set on object 'Object Repository/Datadriven_OR/Password'

2019-02-03 12:12:48 - [TEST_STEP][PASSED] - setText(findTestObject("Datadriven_OR/Confirm"), Confirm): Text '' is set on object 'Object Repository/Datadriven_OR/Confirm'

2019-02-03 12:12:56 - [MESSAGE][PASSED] - Text '' is set on object 'Object Repository/Datadriven_OR/Confirm'

2019-02-03 12:12:56 - [TEST_STEP][PASSED] - click(findTestObject("Datadriven_OR/Next")): Object: 'Object Repository/Datadriven_OR/Next' is clicked on

2019-02-03 12:13:01 - [MESSAGE][PASSED] - Object: 'Object Repository/Datadriven_OR/Next' is clicked on

2019-02-03 12:13:01 - [TEST_STEP][PASSED] - navigateToUrl("https://accounts.google.com/signup"): Navigate to 'https://accounts.google.com/signup' successfully

2019-02-03 12:13:06 - [MESSAGE][PASSED] - Navigate to 'https://accounts.google.com/signup' successfully

2019-02-03 12:13:06 - [TEST_STEP][PASSED] - setText(findTestObject("Datadriven_OR/FIrst name"), Firtsname): Text '' is set on object 'Object Repository/Datadriven_OR/FIrst name'

2019-02-03 12:13:14 - [MESSAGE][PASSED] - Text '' is set on object 'Object Repository/Datadriven_OR/FIrst name'

2019-02-03 12:13:14 - [TEST_STEP][PASSED] - setText(findTestObject("Datadriven_OR/Last name"), Lastname): Text '' is set on object 'Object Repository/Datadriven_OR/Last name'

2019-02-03 12:13:23 - [MESSAGE][PASSED] - Text '' is set on object 'Object Repository/Datadriven_OR/Last name'

2019-02-03 12:13:23 - [TEST_STEP][PASSED] - setText(findTestObject("Datadriven_OR/Username"), Username): Text '' is set on object 'Object Repository/Datadriven_OR/Username'

2019-02-03 12:13:31 - [MESSAGE][PASSED] - Text '' is set on object 'Object Repository/Datadriven_OR/Username'

2019-02-03 12:13:31 - [TEST_STEP][PASSED] - setText(findTestObject("Datadriven_OR/Password"), Password): Text '' is set on object 'Object Repository/Datadriven_OR/Password'

2019-02-03 12:13:39 - [MESSAGE][PASSED] - Text '' is set on object 'Object Repository/Datadriven_OR/Password'

2019-02-03 12:13:39 - [TEST_STEP][PASSED] - setText(findTestObject("Datadriven_OR/Confirm"), Confirm): Text '' is set on object 'Object Repository/Datadriven_OR/Confirm'

2019-02-03 12:13:47 - [MESSAGE][PASSED] - Text '' is set on object 'Object Repository/Datadriven_OR/Confirm'

2019-02-03 12:13:47 - [TEST_STEP][PASSED] - click(findTestObject("Datadriven_OR/Next")): Object: 'Object Repository/Datadriven_OR/Next' is clicked on

2019-02-03 12:13:52 - [MESSAGE][PASSED] - Object: 'Object Repository/Datadriven_OR/Next' is clicked on

2019-02-03 12:13:52 - [TEST_STEP][PASSED] - navigateToUrl("https://accounts.google.com/signup"): Navigate to 'https://accounts.google.com/signup' successfully

2019-02-03 12:13:56 - [MESSAGE][PASSED] - Navigate to 'https://accounts.google.com/signup' successfully

2019-02-03 12:13:56 - [TEST_STEP][PASSED] - setText(findTestObject("Datadriven_OR/FIrst name"), Firtsname): Text '' is set on object 'Object Repository/Datadriven_OR/FIrst name'

2019-02-03 12:14:04 - [MESSAGE][PASSED] - Text '' is set on object 'Object Repository/Datadriven_OR/FIrst name'

2019-02-03 12:14:04 - [TEST_STEP][PASSED] - setText(findTestObject("Datadriven_OR/Last name"), Lastname): Text '' is set on object 'Object Repository/Datadriven_OR/Last name'

2019-02-03 12:14:12 - [MESSAGE][PASSED] - Text '' is set on object 'Object Repository/Datadriven_OR/Last name'

2019-02-03 12:14:12 - [TEST_STEP][PASSED] - setText(findTestObject("Datadriven_OR/Username"), Username): Text '' is set on object 'Object Repository/Datadriven_OR/Username'

2019-02-03 12:14:20 - [MESSAGE][PASSED] - Text '' is set on object 'Object Repository/Datadriven_OR/Username'

2019-02-03 12:14:20 - [TEST_STEP][PASSED] - setText(findTestObject("Datadriven_OR/Password"), Password): Text '' is set on object 'Object Repository/Datadriven_OR/Password'

2019-02-03 12:14:29 - [MESSAGE][PASSED] - Text '' is set on object 'Object Repository/Datadriven_OR/Password'

2019-02-03 12:14:29 - [TEST_STEP][PASSED] - setText(findTestObject("Datadriven_OR/Confirm"), Confirm): Text '' is set on object 'Object Repository/Datadriven_OR/Confirm'

2019-02-03 12:14:37 - [MESSAGE][PASSED] - Text '' is set on object 'Object Repository/Datadriven_OR/Confirm'

2019-02-03 12:14:37 - [TEST_STEP][PASSED] - click(findTestObject("Datadriven_OR/Next")): Object: 'Object Repository/Datadriven_OR/Next' is clicked on

2019-02-03 12:14:41 - [MESSAGE][PASSED] - Object: 'Object Repository/Datadriven_OR/Next' is clicked on

2019-02-03 12:14:41 - [TEST_STEP][PASSED] - navigateToUrl("https://accounts.google.com/signup"): Navigate to 'https://accounts.google.com/signup' successfully

2019-02-03 12:14:45 - [MESSAGE][PASSED] - Navigate to 'https://accounts.google.com/signup' successfully

2019-02-03 12:14:45 - [TEST_STEP][PASSED] - setText(findTestObject("Datadriven_OR/FIrst name"), Firtsname): Text '' is set on object 'Object Repository/Datadriven_OR/FIrst name'

2019-02-03 12:14:53 - [MESSAGE][PASSED] - Text '' is set on object 'Object Repository/Datadriven_OR/FIrst name'

2019-02-03 12:14:53 - [TEST_STEP][PASSED] - setText(findTestObject("Datadriven_OR/Last name"), Lastname): Text '' is set on object 'Object Repository/Datadriven_OR/Last name'

2019-02-03 12:15:01 - [MESSAGE][PASSED] - Text '' is set on object 'Object Repository/Datadriven_OR/Last name'

2019-02-03 12:15:01 - [TEST_STEP][PASSED] - setText(findTestObject("Datadriven_OR/Username"), Username): Text '' is set on object 'Object Repository/Datadriven_OR/Username'

2019-02-03 12:15:09 - [MESSAGE][PASSED] - Text '' is set on object 'Object Repository/Datadriven_OR/Username'

2019-02-03 12:15:09 - [TEST_STEP][PASSED] - setText(findTestObject("Datadriven_OR/Password"), Password): Text '' is set on object 'Object Repository/Datadriven_OR/Password'

2019-02-03 12:15:18 - [MESSAGE][PASSED] - Text '' is set on object 'Object Repository/Datadriven_OR/Password'

2019-02-03 12:15:18 - [TEST_STEP][PASSED] - setText(findTestObject("Datadriven_OR/Confirm"), Confirm): Text '' is set on object 'Object Repository/Datadriven_OR/Confirm'

2019-02-03 12:15:26 - [MESSAGE][PASSED] - Text '' is set on object 'Object Repository/Datadriven_OR/Confirm'

2019-02-03 12:15:26 - [TEST_STEP][PASSED] - click(findTestObject("Datadriven_OR/Next")): Object: 'Object Repository/Datadriven_OR/Next' is clicked on

2019-02-03 12:15:30 - [MESSAGE][PASSED] - Object: 'Object Repository/Datadriven_OR/Next' is clicked on

2019-02-03 12:15:30 - [TEST_STEP][PASSED] - navigateToUrl("https://accounts.google.com/signup"): Navigate to 'https://accounts.google.com/signup' successfully

2019-02-03 12:15:34 - [MESSAGE][PASSED] - Navigate to 'https://accounts.google.com/signup' successfully

2019-02-03 12:15:34 - [TEST_STEP][PASSED] - setText(findTestObject("Datadriven_OR/FIrst name"), Firtsname): Text '' is set on object 'Object Repository/Datadriven_OR/FIrst name'

2019-02-03 12:15:42 - [MESSAGE][PASSED] - Text '' is set on object 'Object Repository/Datadriven_OR/FIrst name'

2019-02-03 12:15:42 - [TEST_STEP][PASSED] - setText(findTestObject("Datadriven_OR/Last name"), Lastname): Text '' is set on object 'Object Repository/Datadriven_OR/Last name'

2019-02-03 12:15:50 - [MESSAGE][PASSED] - Text '' is set on object 'Object Repository/Datadriven_OR/Last name'

2019-02-03 12:15:50 - [TEST_STEP][PASSED] - setText(findTestObject("Datadriven_OR/Username"), Username): Text '' is set on object 'Object Repository/Datadriven_OR/Username'

2019-02-03 12:15:58 - [MESSAGE][PASSED] - Text '' is set on object 'Object Repository/Datadriven_OR/Username'

2019-02-03 12:15:58 - [TEST_STEP][PASSED] - setText(findTestObject("Datadriven_OR/Password"), Password): Text '' is set on object 'Object Repository/Datadriven_OR/Password'

2019-02-03 12:16:07 - [MESSAGE][PASSED] - Text '' is set on object 'Object Repository/Datadriven_OR/Password'

2019-02-03 12:16:07 - [TEST_STEP][PASSED] - setText(findTestObject("Datadriven_OR/Confirm"), Confirm): Text '' is set on object 'Object Repository/Datadriven_OR/Confirm'

2019-02-03 12:16:15 - [MESSAGE][PASSED] - Text '' is set on object 'Object Repository/Datadriven_OR/Confirm'

2019-02-03 12:16:15 - [TEST_STEP][PASSED] - click(findTestObject("Datadriven_OR/Next")): Object: 'Object Repository/Datadriven_OR/Next' is clicked on

2019-02-03 12:16:19 - [MESSAGE][PASSED] - Object: 'Object Repository/Datadriven_OR/Next' is clicked on

2019-02-03 12:16:19 - [TEST_STEP][PASSED] - Start listener action : sampleAfterTestCase: Browser is closed

2019-02-03 12:16:19 - [TEST_STEP][PASSED] - println(testCaseContext.getTestCaseId()): null

2019-02-03 12:16:19 - [TEST_STEP][PASSED] - println(testCaseContext.getTestCaseStatus()): null

2019-02-03 12:16:19 - [TEST_STEP][PASSED] - closeBrowser(): Browser is closed

2019-02-03 12:16:22 - [MESSAGE][PASSED] - Browser is closed]]></system-out>
         <system-err><![CDATA[]]></system-err>
      </testcase>
      <system-out><![CDATA[2019-02-03 12:11:18 - [TEST_SUITE][PASSED] - Datadriven: Test Cases/Datadriven]]></system-out>
      <system-err><![CDATA[]]></system-err>
   </testsuite>
</testsuites>
