<?xml version="1.0" encoding="UTF-8"?>
<testsuites name="Testhook" time="35" tests="1" failures="0" errors="0">
   <testsuite name="Testhook" tests="1" failures="0" errors="0" time="35" timestamp="2019-03-17 12:36:53" hostname="Ramesh - TEJA" id="Test Suites/Testhook">
      <properties>
         <property name="deviceName" value=""/>
         <property name="devicePlatform" value=""/>
         <property name="logFolder" value="C:\\Users\\Ramesh\\Katalon Studio\\Rameshbabu\\Reports\\Testhook\\20190317_123643"/>
         <property name="logFiles" value="C:\\Users\\Ramesh\\Katalon Studio\\Rameshbabu\\Reports\\Testhook\\20190317_123643\\execution0.log"/>
         <property name="attachments" value=""/>
         <property name="hostName" value="Ramesh - TEJA"/>
         <property name="os" value="Windows 10 64bit"/>
         <property name="katalonVersion" value="5.10.1.1"/>
         <property name="browser" value="Chrome 72.0.3626.121"/>
         <property name="hostAddress" value="192.168.0.117"/>
         <property name="sessionId" value="82b721758cc587b9ff8d12b5971f7506"/>
         <property name="seleniumVersion" value="3.7.1"/>
         <property name="proxyInformation" value="ProxyInformation{proxyOption=NO_PROXY, proxyServerType=HTTP, password=, proxyServerAddress=, proxyServerPort=0}"/>
         <property name="platform" value="Windows 10"/>
      </properties>
      <testcase name="Test Cases/TestListener" classname="Test Cases/TestListener" status="PASSED">
         <system-out><![CDATA[2019-03-17 12:36:54 - [TEST_CASE][PASSED] - Test Cases/TestListener: Test Cases/TestListener

2019-03-17 12:36:54 - [TEST_STEP][PASSED] - Start listener action : sampleBeforeTestCase: Browser is opened with url: 'https://www.nopcommerce.com/'

2019-03-17 12:36:54 - [TEST_STEP][PASSED] - println(testCaseContext.getTestCaseId()): null

2019-03-17 12:36:54 - [TEST_STEP][PASSED] - println(testCaseContext.getTestCaseVariables()): null

2019-03-17 12:36:54 - [TEST_STEP][PASSED] - openBrowser("https://www.nopcommerce.com/"): Browser is opened with url: 'https://www.nopcommerce.com/'

2019-03-17 12:36:55 - [MESSAGE][INFO] - Starting 'Chrome' driver

2019-03-17 12:36:55 - [MESSAGE][INFO] - Action delay is set to 2 seconds

2019-03-17 12:37:13 - [MESSAGE][PASSED] - Browser is opened with url: 'https://www.nopcommerce.com/'

2019-03-17 12:37:13 - [TEST_STEP][PASSED] - maximizeWindow(): Current window maximized

2019-03-17 12:37:17 - [MESSAGE][PASSED] - Current window maximized

2019-03-17 12:37:17 - [TEST_STEP][PASSED] - click(findTestObject("Nopcommerce/Products")): Object: 'Object Repository/Nopcommerce/Products' is clicked on

2019-03-17 12:37:21 - [MESSAGE][PASSED] - Object: 'Object Repository/Nopcommerce/Products' is clicked on

2019-03-17 12:37:21 - [TEST_STEP][PASSED] - click(findTestObject("Nopcommerce/Downloads")): Object: 'Object Repository/Nopcommerce/Downloads' is clicked on

2019-03-17 12:37:25 - [MESSAGE][PASSED] - Object: 'Object Repository/Nopcommerce/Downloads' is clicked on

2019-03-17 12:37:25 - [TEST_STEP][PASSED] - closeBrowser(): Browser is closed

2019-03-17 12:37:28 - [MESSAGE][PASSED] - Browser is closed

2019-03-17 12:37:28 - [TEST_STEP][PASSED] - Start listener action : sampleAfterTestCase: Browser is closed

2019-03-17 12:37:28 - [TEST_STEP][PASSED] - println(testCaseContext.getTestCaseId()): null

2019-03-17 12:37:28 - [TEST_STEP][PASSED] - println(testCaseContext.getTestCaseStatus()): null

2019-03-17 12:37:28 - [TEST_STEP][PASSED] - closeBrowser(): Browser is closed

2019-03-17 12:37:28 - [MESSAGE][PASSED] - Browser is closed]]></system-out>
         <system-err><![CDATA[]]></system-err>
      </testcase>
      <system-out><![CDATA[2019-03-17 12:36:53 - [TEST_SUITE][PASSED] - Testhook: Test Cases/TestListener]]></system-out>
      <system-err><![CDATA[]]></system-err>
   </testsuite>
</testsuites>
