<?xml version="1.0" encoding="UTF-8"?>
<testsuites name="Testhook" time="112" tests="3" failures="0" errors="0">
   <testsuite name="Testhook" tests="3" failures="0" errors="0" time="112" timestamp="2019-03-17 21:07:05" hostname="Ramesh - TEJA" id="Test Suites/Testhook">
      <properties>
         <property name="deviceName" value=""/>
         <property name="devicePlatform" value=""/>
         <property name="logFolder" value="C:\\Users\\Ramesh\\Katalon Studio\\Rameshbabu\\Reports\\Testhook\\20190317_210659"/>
         <property name="logFiles" value="C:\\Users\\Ramesh\\Katalon Studio\\Rameshbabu\\Reports\\Testhook\\20190317_210659\\execution0.log"/>
         <property name="attachments" value=""/>
         <property name="hostName" value="Ramesh - TEJA"/>
         <property name="os" value="Windows 10 64bit"/>
         <property name="katalonVersion" value="5.10.1.1"/>
         <property name="browser" value="Chrome 72.0.3626.121"/>
         <property name="hostAddress" value="192.168.0.117"/>
         <property name="sessionId" value="bee8380fdeb3680f109b0ccce113f1f4"/>
         <property name="seleniumVersion" value="3.7.1"/>
         <property name="proxyInformation" value="ProxyInformation{proxyOption=NO_PROXY, proxyServerType=HTTP, password=, proxyServerAddress=, proxyServerPort=0}"/>
         <property name="platform" value="Windows 10"/>
      </properties>
      <testcase name="Test Cases/TestListener" classname="Test Cases/TestListener" status="PASSED">
         <system-out><![CDATA[2019-03-17 21:07:06 - [TEST_CASE][PASSED] - Test Cases/TestListener: Test Cases/TestListener

2019-03-17 21:07:06 - [TEST_STEP][PASSED] - Start listener action : sampleBeforeTestCase: Browser is opened with url: 'https://www.nopcommerce.com/'

2019-03-17 21:07:06 - [TEST_STEP][PASSED] - println(testCaseContext.getTestCaseId()): null

2019-03-17 21:07:06 - [TEST_STEP][PASSED] - println(testCaseContext.getTestCaseVariables()): null

2019-03-17 21:07:06 - [TEST_STEP][PASSED] - openBrowser("https://www.nopcommerce.com/"): Browser is opened with url: 'https://www.nopcommerce.com/'

2019-03-17 21:07:07 - [MESSAGE][INFO] - Starting 'Chrome' driver

2019-03-17 21:07:07 - [MESSAGE][INFO] - Action delay is set to 2 seconds

2019-03-17 21:07:22 - [MESSAGE][PASSED] - Browser is opened with url: 'https://www.nopcommerce.com/'

2019-03-17 21:07:22 - [TEST_STEP][PASSED] - maximizeWindow(): Current window maximized

2019-03-17 21:07:26 - [MESSAGE][PASSED] - Current window maximized

2019-03-17 21:07:26 - [TEST_STEP][PASSED] - click(findTestObject("Nopcommerce/Products")): Object: 'Object Repository/Nopcommerce/Products' is clicked on

2019-03-17 21:07:31 - [MESSAGE][PASSED] - Object: 'Object Repository/Nopcommerce/Products' is clicked on

2019-03-17 21:07:31 - [TEST_STEP][PASSED] - click(findTestObject("Nopcommerce/Downloads")): Object: 'Object Repository/Nopcommerce/Downloads' is clicked on

2019-03-17 21:07:35 - [MESSAGE][PASSED] - Object: 'Object Repository/Nopcommerce/Downloads' is clicked on

2019-03-17 21:07:35 - [TEST_STEP][PASSED] - Start listener action : sampleAfterTestCase: Browser is closed

2019-03-17 21:07:35 - [TEST_STEP][PASSED] - println(testCaseContext.getTestCaseId()): null

2019-03-17 21:07:35 - [TEST_STEP][PASSED] - println(testCaseContext.getTestCaseStatus()): null

2019-03-17 21:07:35 - [TEST_STEP][PASSED] - closeBrowser(): Browser is closed

2019-03-17 21:07:38 - [MESSAGE][PASSED] - Browser is closed]]></system-out>
         <system-err><![CDATA[]]></system-err>
      </testcase>
      <testcase name="Test Cases/TestListener1" classname="Test Cases/TestListener1" status="PASSED">
         <system-out><![CDATA[2019-03-17 21:07:38 - [TEST_CASE][PASSED] - Test Cases/TestListener1: Test Cases/TestListener1

2019-03-17 21:07:38 - [TEST_STEP][PASSED] - Start listener action : sampleBeforeTestCase: Browser is opened with url: 'https://www.nopcommerce.com/'

2019-03-17 21:07:38 - [TEST_STEP][PASSED] - println(testCaseContext.getTestCaseId()): null

2019-03-17 21:07:38 - [TEST_STEP][PASSED] - println(testCaseContext.getTestCaseVariables()): null

2019-03-17 21:07:38 - [TEST_STEP][PASSED] - openBrowser("https://www.nopcommerce.com/"): Browser is opened with url: 'https://www.nopcommerce.com/'

2019-03-17 21:07:38 - [MESSAGE][INFO] - Starting 'Chrome' driver

2019-03-17 21:07:51 - [MESSAGE][PASSED] - Browser is opened with url: 'https://www.nopcommerce.com/'

2019-03-17 21:07:51 - [TEST_STEP][PASSED] - maximizeWindow(): Current window maximized

2019-03-17 21:07:54 - [MESSAGE][PASSED] - Current window maximized

2019-03-17 21:07:54 - [TEST_STEP][PASSED] - click(findTestObject("Object Repository/Nopcommerce/Registerlink")): Object: 'Object Repository/Nopcommerce/Registerlink' is clicked on

2019-03-17 21:08:01 - [MESSAGE][PASSED] - Object: 'Object Repository/Nopcommerce/Registerlink' is clicked on

2019-03-17 21:08:01 - [TEST_STEP][PASSED] - setText(findTestObject("Datadriven_OR/Datadriven1/FirstName"), "Rameshbabu"): Text 'Rameshbabu' is set on object 'Object Repository/Datadriven_OR/Datadriven1/FirstName'

2019-03-17 21:08:10 - [MESSAGE][PASSED] - Text 'Rameshbabu' is set on object 'Object Repository/Datadriven_OR/Datadriven1/FirstName'

2019-03-17 21:08:10 - [TEST_STEP][PASSED] - setText(findTestObject("Datadriven_OR/Datadriven1/Lastname"), "Gvs"): Text 'Gvs' is set on object 'Object Repository/Datadriven_OR/Datadriven1/Lastname'

2019-03-17 21:08:18 - [MESSAGE][PASSED] - Text 'Gvs' is set on object 'Object Repository/Datadriven_OR/Datadriven1/Lastname'

2019-03-17 21:08:18 - [TEST_STEP][PASSED] - setText(findTestObject("Datadriven_OR/Datadriven1/E-Mail"), "ramgvs4@gmail.com"): Text 'ramgvs4@gmail.com' is set on object 'Object Repository/Datadriven_OR/Datadriven1/E-Mail'

2019-03-17 21:08:27 - [MESSAGE][PASSED] - Text 'ramgvs4@gmail.com' is set on object 'Object Repository/Datadriven_OR/Datadriven1/E-Mail'

2019-03-17 21:08:27 - [TEST_STEP][PASSED] - Start listener action : sampleAfterTestCase: Browser is closed

2019-03-17 21:08:27 - [TEST_STEP][PASSED] - println(testCaseContext.getTestCaseId()): null

2019-03-17 21:08:27 - [TEST_STEP][PASSED] - println(testCaseContext.getTestCaseStatus()): null

2019-03-17 21:08:27 - [TEST_STEP][PASSED] - closeBrowser(): Browser is closed

2019-03-17 21:08:30 - [MESSAGE][PASSED] - Browser is closed]]></system-out>
         <system-err><![CDATA[]]></system-err>
      </testcase>
      <testcase name="Test Cases/TestListener" classname="Test Cases/TestListener" status="PASSED">
         <system-out><![CDATA[2019-03-17 21:08:30 - [TEST_CASE][PASSED] - Test Cases/TestListener: Test Cases/TestListener

2019-03-17 21:08:30 - [TEST_STEP][PASSED] - Start listener action : sampleBeforeTestCase: Browser is opened with url: 'https://www.nopcommerce.com/'

2019-03-17 21:08:30 - [TEST_STEP][PASSED] - println(testCaseContext.getTestCaseId()): null

2019-03-17 21:08:30 - [TEST_STEP][PASSED] - println(testCaseContext.getTestCaseVariables()): null

2019-03-17 21:08:30 - [TEST_STEP][PASSED] - openBrowser("https://www.nopcommerce.com/"): Browser is opened with url: 'https://www.nopcommerce.com/'

2019-03-17 21:08:30 - [MESSAGE][INFO] - Starting 'Chrome' driver

2019-03-17 21:08:43 - [MESSAGE][PASSED] - Browser is opened with url: 'https://www.nopcommerce.com/'

2019-03-17 21:08:43 - [TEST_STEP][PASSED] - maximizeWindow(): Current window maximized

2019-03-17 21:08:46 - [MESSAGE][PASSED] - Current window maximized

2019-03-17 21:08:46 - [TEST_STEP][PASSED] - click(findTestObject("Nopcommerce/Products")): Object: 'Object Repository/Nopcommerce/Products' is clicked on

2019-03-17 21:08:50 - [MESSAGE][PASSED] - Object: 'Object Repository/Nopcommerce/Products' is clicked on

2019-03-17 21:08:50 - [TEST_STEP][PASSED] - click(findTestObject("Nopcommerce/Downloads")): Object: 'Object Repository/Nopcommerce/Downloads' is clicked on

2019-03-17 21:08:54 - [MESSAGE][PASSED] - Object: 'Object Repository/Nopcommerce/Downloads' is clicked on

2019-03-17 21:08:54 - [TEST_STEP][PASSED] - Start listener action : sampleAfterTestCase: Browser is closed

2019-03-17 21:08:54 - [TEST_STEP][PASSED] - println(testCaseContext.getTestCaseId()): null

2019-03-17 21:08:54 - [TEST_STEP][PASSED] - println(testCaseContext.getTestCaseStatus()): null

2019-03-17 21:08:54 - [TEST_STEP][PASSED] - closeBrowser(): Browser is closed

2019-03-17 21:08:57 - [MESSAGE][PASSED] - Browser is closed]]></system-out>
         <system-err><![CDATA[]]></system-err>
      </testcase>
      <system-out><![CDATA[2019-03-17 21:07:05 - [TEST_SUITE][PASSED] - Testhook: Test Cases/TestListener]]></system-out>
      <system-err><![CDATA[]]></system-err>
   </testsuite>
</testsuites>
