<?xml version="1.0" encoding="UTF-8"?>
<testsuites name="Datadriven" time="309" tests="4" failures="0" errors="0">
   <testsuite name="Datadriven" tests="4" failures="0" errors="0" time="309" timestamp="2019-02-02 19:57:39" hostname="Ramesh - TEJA" id="Test Suites/Datadriven">
      <properties>
         <property name="deviceName" value=""/>
         <property name="devicePlatform" value=""/>
         <property name="logFolder" value="C:\\Users\\Ramesh\\Katalon Studio\\Rameshbabu\\Reports\\Datadriven\\20190202_195730"/>
         <property name="logFiles" value="C:\\Users\\Ramesh\\Katalon Studio\\Rameshbabu\\Reports\\Datadriven\\20190202_195730\\execution0.log"/>
         <property name="attachments" value=""/>
         <property name="hostName" value="Ramesh - TEJA"/>
         <property name="os" value="Windows 10 64bit"/>
         <property name="katalonVersion" value="5.10.1.1"/>
         <property name="browser" value="Chrome 71.0.3578.98"/>
         <property name="hostAddress" value="192.168.0.117"/>
         <property name="sessionId" value="82e43125b637b050436348d2ecd6356f"/>
         <property name="seleniumVersion" value="3.7.1"/>
         <property name="proxyInformation" value="ProxyInformation{proxyOption=NO_PROXY, proxyServerType=HTTP, password=, proxyServerAddress=, proxyServerPort=0}"/>
         <property name="platform" value="Windows 10"/>
      </properties>
      <testcase name="Test Cases/Datadriven" classname="Test Cases/Datadriven" status="PASSED">
         <system-out><![CDATA[2019-02-02 19:57:40 - [TEST_CASE][PASSED] - Test Cases/Datadriven: Test Cases/Datadriven

2019-02-02 19:57:40 - [TEST_STEP][PASSED] - openBrowser(""): Browser is opened with url: ''

2019-02-02 19:57:41 - [MESSAGE][INFO] - Starting 'Chrome' driver

2019-02-02 19:57:41 - [MESSAGE][INFO] - Action delay is set to 2 seconds

2019-02-02 19:57:55 - [MESSAGE][PASSED] - Browser is opened with url: ''

2019-02-02 19:57:55 - [TEST_STEP][PASSED] - maximizeWindow(): Current window maximized

2019-02-02 19:57:58 - [MESSAGE][PASSED] - Current window maximized

2019-02-02 19:57:58 - [TEST_STEP][PASSED] - navigateToUrl("https://accounts.google.com/signup"): Navigate to 'https://accounts.google.com/signup' successfully

2019-02-02 19:58:04 - [MESSAGE][PASSED] - Navigate to 'https://accounts.google.com/signup' successfully

2019-02-02 19:58:04 - [TEST_STEP][PASSED] - setText(findTestObject("Datadriven_OR/FIrst name"), Firtsname): Text 'Ramesh' is set on object 'Object Repository/Datadriven_OR/FIrst name'

2019-02-02 19:58:12 - [MESSAGE][PASSED] - Text 'Ramesh' is set on object 'Object Repository/Datadriven_OR/FIrst name'

2019-02-02 19:58:12 - [TEST_STEP][PASSED] - setText(findTestObject("Datadriven_OR/Last name"), Lastname): Text 'Gvs' is set on object 'Object Repository/Datadriven_OR/Last name'

2019-02-02 19:58:21 - [MESSAGE][PASSED] - Text 'Gvs' is set on object 'Object Repository/Datadriven_OR/Last name'

2019-02-02 19:58:21 - [TEST_STEP][PASSED] - setText(findTestObject("Datadriven_OR/Username"), Username): Text 'ramgvs4@gmail.om' is set on object 'Object Repository/Datadriven_OR/Username'

2019-02-02 19:58:30 - [MESSAGE][PASSED] - Text 'ramgvs4@gmail.om' is set on object 'Object Repository/Datadriven_OR/Username'

2019-02-02 19:58:30 - [TEST_STEP][PASSED] - setText(findTestObject("Datadriven_OR/Password"), Password): Text 'Ramesh123#' is set on object 'Object Repository/Datadriven_OR/Password'

2019-02-02 19:58:39 - [MESSAGE][PASSED] - Text 'Ramesh123#' is set on object 'Object Repository/Datadriven_OR/Password'

2019-02-02 19:58:39 - [TEST_STEP][PASSED] - setText(findTestObject("Datadriven_OR/Confirm"), Confirm): Text 'Ramesh123#' is set on object 'Object Repository/Datadriven_OR/Confirm'

2019-02-02 19:58:48 - [MESSAGE][PASSED] - Text 'Ramesh123#' is set on object 'Object Repository/Datadriven_OR/Confirm'

2019-02-02 19:58:48 - [TEST_STEP][PASSED] - click(findTestObject("Datadriven_OR/Next")): Object: 'Object Repository/Datadriven_OR/Next' is clicked on

2019-02-02 19:58:54 - [MESSAGE][PASSED] - Object: 'Object Repository/Datadriven_OR/Next' is clicked on]]></system-out>
         <system-err><![CDATA[]]></system-err>
      </testcase>
      <testcase name="Test Cases/Datadriven" classname="Test Cases/Datadriven" status="PASSED">
         <system-out><![CDATA[2019-02-02 19:58:54 - [TEST_CASE][PASSED] - Test Cases/Datadriven: Test Cases/Datadriven

2019-02-02 19:58:54 - [TEST_STEP][PASSED] - openBrowser(""): Browser is opened with url: ''

2019-02-02 19:58:54 - [MESSAGE][WARNING] - A browser is already opened. Closing browser and opening a new one

2019-02-02 19:58:57 - [MESSAGE][INFO] - Starting 'Chrome' driver

2019-02-02 19:59:05 - [MESSAGE][PASSED] - Browser is opened with url: ''

2019-02-02 19:59:05 - [TEST_STEP][PASSED] - maximizeWindow(): Current window maximized

2019-02-02 19:59:08 - [MESSAGE][PASSED] - Current window maximized

2019-02-02 19:59:08 - [TEST_STEP][PASSED] - navigateToUrl("https://accounts.google.com/signup"): Navigate to 'https://accounts.google.com/signup' successfully

2019-02-02 19:59:13 - [MESSAGE][PASSED] - Navigate to 'https://accounts.google.com/signup' successfully

2019-02-02 19:59:13 - [TEST_STEP][PASSED] - setText(findTestObject("Datadriven_OR/FIrst name"), Firtsname): Text 'Rameshbabu' is set on object 'Object Repository/Datadriven_OR/FIrst name'

2019-02-02 19:59:22 - [MESSAGE][PASSED] - Text 'Rameshbabu' is set on object 'Object Repository/Datadriven_OR/FIrst name'

2019-02-02 19:59:22 - [TEST_STEP][PASSED] - setText(findTestObject("Datadriven_OR/Last name"), Lastname): Text 'Gvs' is set on object 'Object Repository/Datadriven_OR/Last name'

2019-02-02 19:59:31 - [MESSAGE][PASSED] - Text 'Gvs' is set on object 'Object Repository/Datadriven_OR/Last name'

2019-02-02 19:59:31 - [TEST_STEP][PASSED] - setText(findTestObject("Datadriven_OR/Username"), Username): Text 'ramgvs3@gmail.com' is set on object 'Object Repository/Datadriven_OR/Username'

2019-02-02 19:59:40 - [MESSAGE][PASSED] - Text 'ramgvs3@gmail.com' is set on object 'Object Repository/Datadriven_OR/Username'

2019-02-02 19:59:40 - [TEST_STEP][PASSED] - setText(findTestObject("Datadriven_OR/Password"), Password): Text 'Ramesh123$' is set on object 'Object Repository/Datadriven_OR/Password'

2019-02-02 19:59:49 - [MESSAGE][PASSED] - Text 'Ramesh123$' is set on object 'Object Repository/Datadriven_OR/Password'

2019-02-02 19:59:49 - [TEST_STEP][PASSED] - setText(findTestObject("Datadriven_OR/Confirm"), Confirm): Text 'Ramesh123$' is set on object 'Object Repository/Datadriven_OR/Confirm'

2019-02-02 19:59:58 - [MESSAGE][PASSED] - Text 'Ramesh123$' is set on object 'Object Repository/Datadriven_OR/Confirm'

2019-02-02 19:59:58 - [TEST_STEP][PASSED] - click(findTestObject("Datadriven_OR/Next")): Object: 'Object Repository/Datadriven_OR/Next' is clicked on

2019-02-02 20:00:06 - [MESSAGE][PASSED] - Object: 'Object Repository/Datadriven_OR/Next' is clicked on]]></system-out>
         <system-err><![CDATA[]]></system-err>
      </testcase>
      <testcase name="Test Cases/Datadriven" classname="Test Cases/Datadriven" status="PASSED">
         <system-out><![CDATA[2019-02-02 20:00:06 - [TEST_CASE][PASSED] - Test Cases/Datadriven: Test Cases/Datadriven

2019-02-02 20:00:06 - [TEST_STEP][PASSED] - openBrowser(""): Browser is opened with url: ''

2019-02-02 20:00:06 - [MESSAGE][WARNING] - A browser is already opened. Closing browser and opening a new one

2019-02-02 20:00:09 - [MESSAGE][INFO] - Starting 'Chrome' driver

2019-02-02 20:00:24 - [MESSAGE][PASSED] - Browser is opened with url: ''

2019-02-02 20:00:24 - [TEST_STEP][PASSED] - maximizeWindow(): Current window maximized

2019-02-02 20:00:27 - [MESSAGE][PASSED] - Current window maximized

2019-02-02 20:00:27 - [TEST_STEP][PASSED] - navigateToUrl("https://accounts.google.com/signup"): Navigate to 'https://accounts.google.com/signup' successfully

2019-02-02 20:00:38 - [MESSAGE][PASSED] - Navigate to 'https://accounts.google.com/signup' successfully

2019-02-02 20:00:38 - [TEST_STEP][PASSED] - setText(findTestObject("Datadriven_OR/FIrst name"), Firtsname): Text 'Mahesh' is set on object 'Object Repository/Datadriven_OR/FIrst name'

2019-02-02 20:00:47 - [MESSAGE][PASSED] - Text 'Mahesh' is set on object 'Object Repository/Datadriven_OR/FIrst name'

2019-02-02 20:00:47 - [TEST_STEP][PASSED] - setText(findTestObject("Datadriven_OR/Last name"), Lastname): Text 'GVS' is set on object 'Object Repository/Datadriven_OR/Last name'

2019-02-02 20:00:55 - [MESSAGE][PASSED] - Text 'GVS' is set on object 'Object Repository/Datadriven_OR/Last name'

2019-02-02 20:00:55 - [TEST_STEP][PASSED] - setText(findTestObject("Datadriven_OR/Username"), Username): Text 'ramgvs2@gmail.com' is set on object 'Object Repository/Datadriven_OR/Username'

2019-02-02 20:01:07 - [MESSAGE][PASSED] - Text 'ramgvs2@gmail.com' is set on object 'Object Repository/Datadriven_OR/Username'

2019-02-02 20:01:07 - [TEST_STEP][PASSED] - setText(findTestObject("Datadriven_OR/Password"), Password): Text 'Ramesh123$' is set on object 'Object Repository/Datadriven_OR/Password'

2019-02-02 20:01:16 - [MESSAGE][PASSED] - Text 'Ramesh123$' is set on object 'Object Repository/Datadriven_OR/Password'

2019-02-02 20:01:16 - [TEST_STEP][PASSED] - setText(findTestObject("Datadriven_OR/Confirm"), Confirm): Text 'Ramesh123$' is set on object 'Object Repository/Datadriven_OR/Confirm'

2019-02-02 20:01:26 - [MESSAGE][PASSED] - Text 'Ramesh123$' is set on object 'Object Repository/Datadriven_OR/Confirm'

2019-02-02 20:01:26 - [TEST_STEP][PASSED] - click(findTestObject("Datadriven_OR/Next")): Object: 'Object Repository/Datadriven_OR/Next' is clicked on

2019-02-02 20:01:32 - [MESSAGE][PASSED] - Object: 'Object Repository/Datadriven_OR/Next' is clicked on]]></system-out>
         <system-err><![CDATA[]]></system-err>
      </testcase>
      <testcase name="Test Cases/Datadriven" classname="Test Cases/Datadriven" status="PASSED">
         <system-out><![CDATA[2019-02-02 20:01:32 - [TEST_CASE][PASSED] - Test Cases/Datadriven: Test Cases/Datadriven

2019-02-02 20:01:32 - [TEST_STEP][PASSED] - openBrowser(""): Browser is opened with url: ''

2019-02-02 20:01:32 - [MESSAGE][WARNING] - A browser is already opened. Closing browser and opening a new one

2019-02-02 20:01:35 - [MESSAGE][INFO] - Starting 'Chrome' driver

2019-02-02 20:01:45 - [MESSAGE][PASSED] - Browser is opened with url: ''

2019-02-02 20:01:45 - [TEST_STEP][PASSED] - maximizeWindow(): Current window maximized

2019-02-02 20:01:48 - [MESSAGE][PASSED] - Current window maximized

2019-02-02 20:01:48 - [TEST_STEP][PASSED] - navigateToUrl("https://accounts.google.com/signup"): Navigate to 'https://accounts.google.com/signup' successfully

2019-02-02 20:01:56 - [MESSAGE][PASSED] - Navigate to 'https://accounts.google.com/signup' successfully

2019-02-02 20:01:56 - [TEST_STEP][PASSED] - setText(findTestObject("Datadriven_OR/FIrst name"), Firtsname): Text 'Raju' is set on object 'Object Repository/Datadriven_OR/FIrst name'

2019-02-02 20:02:04 - [MESSAGE][PASSED] - Text 'Raju' is set on object 'Object Repository/Datadriven_OR/FIrst name'

2019-02-02 20:02:04 - [TEST_STEP][PASSED] - setText(findTestObject("Datadriven_OR/Last name"), Lastname): Text 'Gsn' is set on object 'Object Repository/Datadriven_OR/Last name'

2019-02-02 20:02:13 - [MESSAGE][PASSED] - Text 'Gsn' is set on object 'Object Repository/Datadriven_OR/Last name'

2019-02-02 20:02:13 - [TEST_STEP][PASSED] - setText(findTestObject("Datadriven_OR/Username"), Username): Text 'raj@gmail.om' is set on object 'Object Repository/Datadriven_OR/Username'

2019-02-02 20:02:22 - [MESSAGE][PASSED] - Text 'raj@gmail.om' is set on object 'Object Repository/Datadriven_OR/Username'

2019-02-02 20:02:22 - [TEST_STEP][PASSED] - setText(findTestObject("Datadriven_OR/Password"), Password): Text 'Raju123$' is set on object 'Object Repository/Datadriven_OR/Password'

2019-02-02 20:02:31 - [MESSAGE][PASSED] - Text 'Raju123$' is set on object 'Object Repository/Datadriven_OR/Password'

2019-02-02 20:02:31 - [TEST_STEP][PASSED] - setText(findTestObject("Datadriven_OR/Confirm"), Confirm): Text 'Raju123$' is set on object 'Object Repository/Datadriven_OR/Confirm'

2019-02-02 20:02:40 - [MESSAGE][PASSED] - Text 'Raju123$' is set on object 'Object Repository/Datadriven_OR/Confirm'

2019-02-02 20:02:40 - [TEST_STEP][PASSED] - click(findTestObject("Datadriven_OR/Next")): Object: 'Object Repository/Datadriven_OR/Next' is clicked on

2019-02-02 20:02:46 - [MESSAGE][PASSED] - Object: 'Object Repository/Datadriven_OR/Next' is clicked on]]></system-out>
         <system-err><![CDATA[]]></system-err>
      </testcase>
      <system-out><![CDATA[2019-02-02 19:57:39 - [TEST_SUITE][PASSED] - Datadriven: Test Cases/Datadriven]]></system-out>
      <system-err><![CDATA[]]></system-err>
   </testsuite>
</testsuites>
