<?xml version="1.0" encoding="UTF-8"?>
<testsuites name="Datadriven" time="331" tests="1" failures="0" errors="0">
   <testsuite name="Datadriven" tests="1" failures="0" errors="0" time="331" timestamp="2019-02-03 15:29:00" hostname="Ramesh - TEJA" id="Test Suites/Datadriven">
      <properties>
         <property name="deviceName" value=""/>
         <property name="devicePlatform" value=""/>
         <property name="logFolder" value="C:\\Users\\Ramesh\\Katalon Studio\\Rameshbabu\\Reports\\Datadriven\\20190203_152852"/>
         <property name="logFiles" value="C:\\Users\\Ramesh\\Katalon Studio\\Rameshbabu\\Reports\\Datadriven\\20190203_152852\\execution0.log"/>
         <property name="attachments" value=""/>
         <property name="hostName" value="Ramesh - TEJA"/>
         <property name="os" value="Windows 10 64bit"/>
         <property name="katalonVersion" value="5.10.1.1"/>
         <property name="browser" value="Chrome 71.0.3578.98"/>
         <property name="hostAddress" value="192.168.0.117"/>
         <property name="sessionId" value="373fd845aacd88ff296cb2bccc37480a"/>
         <property name="seleniumVersion" value="3.7.1"/>
         <property name="proxyInformation" value="ProxyInformation{proxyOption=NO_PROXY, proxyServerType=HTTP, password=, proxyServerAddress=, proxyServerPort=0}"/>
         <property name="platform" value="Windows 10"/>
      </properties>
      <testcase name="Test Cases/Datadriven" classname="Test Cases/Datadriven" status="PASSED">
         <system-out><![CDATA[2019-02-03 15:29:01 - [TEST_CASE][PASSED] - Test Cases/Datadriven: Test Cases/Datadriven

2019-02-03 15:29:01 - [TEST_STEP][ERROR] - Start listener action : sampleBeforeTestCase: com.kms.katalon.core.exception.StepFailedException: Unable to navigate to 'https://accounts.google.com/signup' (Root cause: com.kms.katalon.core.webui.exception.BrowserNotOpenedException: Browser is not opened
Build info: version: '3.7.1', revision: '8a0099a', time: '2017-11-06T21:07:36.161Z'
System info: host: 'TEJA', ip: '192.168.0.117', os.name: 'Windows 10', os.arch: 'amd64', os.version: '10.0', java.version: '1.8.0_181'
Driver info: driver.version: unknown)

2019-02-03 15:29:01 - [TEST_STEP][PASSED] - println(testCaseContext.getTestCaseId()): null

2019-02-03 15:29:01 - [TEST_STEP][PASSED] - println(testCaseContext.getTestCaseVariables()): null

2019-02-03 15:29:01 - [TEST_STEP][ERROR] - navigateToUrl("https://accounts.google.com/signup"): com.kms.katalon.core.exception.StepFailedException: Unable to navigate to 'https://accounts.google.com/signup' (Root cause: com.kms.katalon.core.webui.exception.BrowserNotOpenedException: Browser is not opened
Build info: version: '3.7.1', revision: '8a0099a', time: '2017-11-06T21:07:36.161Z'
System info: host: 'TEJA', ip: '192.168.0.117', os.name: 'Windows 10', os.arch: 'amd64', os.version: '10.0', java.version: '1.8.0_181'
Driver info: driver.version: unknown)

2019-02-03 15:29:02 - [MESSAGE][WARNING] - Cannot take screenshot

2019-02-03 15:29:02 - [MESSAGE][FAILED] - Unable to navigate to 'https://accounts.google.com/signup' (Root cause: com.kms.katalon.core.webui.exception.BrowserNotOpenedException: Browser is not opened
Build info: version: '3.7.1', revision: '8a0099a', time: '2017-11-06T21:07:36.161Z'
System info: host: 'TEJA', ip: '192.168.0.117', os.name: 'Windows 10', os.arch: 'amd64', os.version: '10.0', java.version: '1.8.0_181'
Driver info: driver.version: unknown)

2019-02-03 15:29:02 - [MESSAGE][ERROR] - com.kms.katalon.core.exception.StepFailedException: Unable to navigate to 'https://accounts.google.com/signup' (Root cause: com.kms.katalon.core.webui.exception.BrowserNotOpenedException: Browser is not opened
Build info: version: '3.7.1', revision: '8a0099a', time: '2017-11-06T21:07:36.161Z'
System info: host: 'TEJA', ip: '192.168.0.117', os.name: 'Windows 10', os.arch: 'amd64', os.version: '10.0', java.version: '1.8.0_181'
Driver info: driver.version: unknown)

2019-02-03 15:29:03 - [TEST_STEP][PASSED] - openBrowser(""): Browser is opened with url: ''

2019-02-03 15:29:03 - [MESSAGE][INFO] - Starting 'Chrome' driver

2019-02-03 15:29:05 - [MESSAGE][INFO] - Action delay is set to 2 seconds

2019-02-03 15:29:59 - [MESSAGE][PASSED] - Browser is opened with url: ''

2019-02-03 15:29:59 - [TEST_STEP][PASSED] - maximizeWindow(): Current window maximized

2019-02-03 15:30:02 - [MESSAGE][PASSED] - Current window maximized

2019-02-03 15:30:02 - [TEST_STEP][PASSED] - for ([rowNum = 1, rowNum <= 5, (rowNum++)]): Object: 'Object Repository/Datadriven_OR/Next' is clicked on

2019-02-03 15:30:02 - [TEST_STEP][PASSED] - navigateToUrl("https://accounts.google.com/signup"): Navigate to 'https://accounts.google.com/signup' successfully

2019-02-03 15:30:14 - [MESSAGE][PASSED] - Navigate to 'https://accounts.google.com/signup' successfully

2019-02-03 15:30:14 - [TEST_STEP][PASSED] - setText(findTestObject("Datadriven_OR/FIrst name"), Firtsname): Text '' is set on object 'Object Repository/Datadriven_OR/FIrst name'

2019-02-03 15:30:23 - [MESSAGE][PASSED] - Text '' is set on object 'Object Repository/Datadriven_OR/FIrst name'

2019-02-03 15:30:23 - [TEST_STEP][PASSED] - setText(findTestObject("Datadriven_OR/Last name"), Lastname): Text '' is set on object 'Object Repository/Datadriven_OR/Last name'

2019-02-03 15:30:32 - [MESSAGE][PASSED] - Text '' is set on object 'Object Repository/Datadriven_OR/Last name'

2019-02-03 15:30:32 - [TEST_STEP][PASSED] - setText(findTestObject("Datadriven_OR/Username"), Username): Text '' is set on object 'Object Repository/Datadriven_OR/Username'

2019-02-03 15:30:40 - [MESSAGE][PASSED] - Text '' is set on object 'Object Repository/Datadriven_OR/Username'

2019-02-03 15:30:40 - [TEST_STEP][PASSED] - setText(findTestObject("Datadriven_OR/Password"), Password): Text '' is set on object 'Object Repository/Datadriven_OR/Password'

2019-02-03 15:30:48 - [MESSAGE][PASSED] - Text '' is set on object 'Object Repository/Datadriven_OR/Password'

2019-02-03 15:30:48 - [TEST_STEP][PASSED] - setText(findTestObject("Datadriven_OR/Confirm"), Confirm): Text '' is set on object 'Object Repository/Datadriven_OR/Confirm'

2019-02-03 15:30:57 - [MESSAGE][PASSED] - Text '' is set on object 'Object Repository/Datadriven_OR/Confirm'

2019-02-03 15:30:57 - [TEST_STEP][PASSED] - click(findTestObject("Datadriven_OR/Next")): Object: 'Object Repository/Datadriven_OR/Next' is clicked on

2019-02-03 15:31:02 - [MESSAGE][PASSED] - Object: 'Object Repository/Datadriven_OR/Next' is clicked on

2019-02-03 15:31:02 - [TEST_STEP][PASSED] - navigateToUrl("https://accounts.google.com/signup"): Navigate to 'https://accounts.google.com/signup' successfully

2019-02-03 15:31:06 - [MESSAGE][PASSED] - Navigate to 'https://accounts.google.com/signup' successfully

2019-02-03 15:31:06 - [TEST_STEP][PASSED] - setText(findTestObject("Datadriven_OR/FIrst name"), Firtsname): Text '' is set on object 'Object Repository/Datadriven_OR/FIrst name'

2019-02-03 15:31:14 - [MESSAGE][PASSED] - Text '' is set on object 'Object Repository/Datadriven_OR/FIrst name'

2019-02-03 15:31:14 - [TEST_STEP][PASSED] - setText(findTestObject("Datadriven_OR/Last name"), Lastname): Text '' is set on object 'Object Repository/Datadriven_OR/Last name'

2019-02-03 15:31:23 - [MESSAGE][PASSED] - Text '' is set on object 'Object Repository/Datadriven_OR/Last name'

2019-02-03 15:31:23 - [TEST_STEP][PASSED] - setText(findTestObject("Datadriven_OR/Username"), Username): Text '' is set on object 'Object Repository/Datadriven_OR/Username'

2019-02-03 15:31:31 - [MESSAGE][PASSED] - Text '' is set on object 'Object Repository/Datadriven_OR/Username'

2019-02-03 15:31:31 - [TEST_STEP][PASSED] - setText(findTestObject("Datadriven_OR/Password"), Password): Text '' is set on object 'Object Repository/Datadriven_OR/Password'

2019-02-03 15:31:39 - [MESSAGE][PASSED] - Text '' is set on object 'Object Repository/Datadriven_OR/Password'

2019-02-03 15:31:39 - [TEST_STEP][PASSED] - setText(findTestObject("Datadriven_OR/Confirm"), Confirm): Text '' is set on object 'Object Repository/Datadriven_OR/Confirm'

2019-02-03 15:31:47 - [MESSAGE][PASSED] - Text '' is set on object 'Object Repository/Datadriven_OR/Confirm'

2019-02-03 15:31:47 - [TEST_STEP][PASSED] - click(findTestObject("Datadriven_OR/Next")): Object: 'Object Repository/Datadriven_OR/Next' is clicked on

2019-02-03 15:31:52 - [MESSAGE][PASSED] - Object: 'Object Repository/Datadriven_OR/Next' is clicked on

2019-02-03 15:31:52 - [TEST_STEP][PASSED] - navigateToUrl("https://accounts.google.com/signup"): Navigate to 'https://accounts.google.com/signup' successfully

2019-02-03 15:31:56 - [MESSAGE][PASSED] - Navigate to 'https://accounts.google.com/signup' successfully

2019-02-03 15:31:56 - [TEST_STEP][PASSED] - setText(findTestObject("Datadriven_OR/FIrst name"), Firtsname): Text '' is set on object 'Object Repository/Datadriven_OR/FIrst name'

2019-02-03 15:32:04 - [MESSAGE][PASSED] - Text '' is set on object 'Object Repository/Datadriven_OR/FIrst name'

2019-02-03 15:32:04 - [TEST_STEP][PASSED] - setText(findTestObject("Datadriven_OR/Last name"), Lastname): Text '' is set on object 'Object Repository/Datadriven_OR/Last name'

2019-02-03 15:32:12 - [MESSAGE][PASSED] - Text '' is set on object 'Object Repository/Datadriven_OR/Last name'

2019-02-03 15:32:12 - [TEST_STEP][PASSED] - setText(findTestObject("Datadriven_OR/Username"), Username): Text '' is set on object 'Object Repository/Datadriven_OR/Username'

2019-02-03 15:32:21 - [MESSAGE][PASSED] - Text '' is set on object 'Object Repository/Datadriven_OR/Username'

2019-02-03 15:32:21 - [TEST_STEP][PASSED] - setText(findTestObject("Datadriven_OR/Password"), Password): Text '' is set on object 'Object Repository/Datadriven_OR/Password'

2019-02-03 15:32:29 - [MESSAGE][PASSED] - Text '' is set on object 'Object Repository/Datadriven_OR/Password'

2019-02-03 15:32:29 - [TEST_STEP][PASSED] - setText(findTestObject("Datadriven_OR/Confirm"), Confirm): Text '' is set on object 'Object Repository/Datadriven_OR/Confirm'

2019-02-03 15:32:37 - [MESSAGE][PASSED] - Text '' is set on object 'Object Repository/Datadriven_OR/Confirm'

2019-02-03 15:32:37 - [TEST_STEP][PASSED] - click(findTestObject("Datadriven_OR/Next")): Object: 'Object Repository/Datadriven_OR/Next' is clicked on

2019-02-03 15:32:42 - [MESSAGE][PASSED] - Object: 'Object Repository/Datadriven_OR/Next' is clicked on

2019-02-03 15:32:42 - [TEST_STEP][PASSED] - navigateToUrl("https://accounts.google.com/signup"): Navigate to 'https://accounts.google.com/signup' successfully

2019-02-03 15:32:45 - [MESSAGE][PASSED] - Navigate to 'https://accounts.google.com/signup' successfully

2019-02-03 15:32:45 - [TEST_STEP][PASSED] - setText(findTestObject("Datadriven_OR/FIrst name"), Firtsname): Text '' is set on object 'Object Repository/Datadriven_OR/FIrst name'

2019-02-03 15:32:54 - [MESSAGE][PASSED] - Text '' is set on object 'Object Repository/Datadriven_OR/FIrst name'

2019-02-03 15:32:54 - [TEST_STEP][PASSED] - setText(findTestObject("Datadriven_OR/Last name"), Lastname): Text '' is set on object 'Object Repository/Datadriven_OR/Last name'

2019-02-03 15:33:02 - [MESSAGE][PASSED] - Text '' is set on object 'Object Repository/Datadriven_OR/Last name'

2019-02-03 15:33:02 - [TEST_STEP][PASSED] - setText(findTestObject("Datadriven_OR/Username"), Username): Text '' is set on object 'Object Repository/Datadriven_OR/Username'

2019-02-03 15:33:10 - [MESSAGE][PASSED] - Text '' is set on object 'Object Repository/Datadriven_OR/Username'

2019-02-03 15:33:10 - [TEST_STEP][PASSED] - setText(findTestObject("Datadriven_OR/Password"), Password): Text '' is set on object 'Object Repository/Datadriven_OR/Password'

2019-02-03 15:33:19 - [MESSAGE][PASSED] - Text '' is set on object 'Object Repository/Datadriven_OR/Password'

2019-02-03 15:33:19 - [TEST_STEP][PASSED] - setText(findTestObject("Datadriven_OR/Confirm"), Confirm): Text '' is set on object 'Object Repository/Datadriven_OR/Confirm'

2019-02-03 15:33:27 - [MESSAGE][PASSED] - Text '' is set on object 'Object Repository/Datadriven_OR/Confirm'

2019-02-03 15:33:27 - [TEST_STEP][PASSED] - click(findTestObject("Datadriven_OR/Next")): Object: 'Object Repository/Datadriven_OR/Next' is clicked on

2019-02-03 15:33:32 - [MESSAGE][PASSED] - Object: 'Object Repository/Datadriven_OR/Next' is clicked on

2019-02-03 15:33:32 - [TEST_STEP][PASSED] - navigateToUrl("https://accounts.google.com/signup"): Navigate to 'https://accounts.google.com/signup' successfully

2019-02-03 15:33:42 - [MESSAGE][PASSED] - Navigate to 'https://accounts.google.com/signup' successfully

2019-02-03 15:33:42 - [TEST_STEP][PASSED] - setText(findTestObject("Datadriven_OR/FIrst name"), Firtsname): Text '' is set on object 'Object Repository/Datadriven_OR/FIrst name'

2019-02-03 15:33:50 - [MESSAGE][PASSED] - Text '' is set on object 'Object Repository/Datadriven_OR/FIrst name'

2019-02-03 15:33:50 - [TEST_STEP][PASSED] - setText(findTestObject("Datadriven_OR/Last name"), Lastname): Text '' is set on object 'Object Repository/Datadriven_OR/Last name'

2019-02-03 15:33:59 - [MESSAGE][PASSED] - Text '' is set on object 'Object Repository/Datadriven_OR/Last name'

2019-02-03 15:33:59 - [TEST_STEP][PASSED] - setText(findTestObject("Datadriven_OR/Username"), Username): Text '' is set on object 'Object Repository/Datadriven_OR/Username'

2019-02-03 15:34:07 - [MESSAGE][PASSED] - Text '' is set on object 'Object Repository/Datadriven_OR/Username'

2019-02-03 15:34:07 - [TEST_STEP][PASSED] - setText(findTestObject("Datadriven_OR/Password"), Password): Text '' is set on object 'Object Repository/Datadriven_OR/Password'

2019-02-03 15:34:16 - [MESSAGE][PASSED] - Text '' is set on object 'Object Repository/Datadriven_OR/Password'

2019-02-03 15:34:16 - [TEST_STEP][PASSED] - setText(findTestObject("Datadriven_OR/Confirm"), Confirm): Text '' is set on object 'Object Repository/Datadriven_OR/Confirm'

2019-02-03 15:34:24 - [MESSAGE][PASSED] - Text '' is set on object 'Object Repository/Datadriven_OR/Confirm'

2019-02-03 15:34:24 - [TEST_STEP][PASSED] - click(findTestObject("Datadriven_OR/Next")): Object: 'Object Repository/Datadriven_OR/Next' is clicked on

2019-02-03 15:34:28 - [MESSAGE][PASSED] - Object: 'Object Repository/Datadriven_OR/Next' is clicked on

2019-02-03 15:34:28 - [TEST_STEP][PASSED] - Start listener action : sampleAfterTestCase: Browser is closed

2019-02-03 15:34:28 - [TEST_STEP][PASSED] - println(testCaseContext.getTestCaseId()): null

2019-02-03 15:34:28 - [TEST_STEP][PASSED] - println(testCaseContext.getTestCaseStatus()): null

2019-02-03 15:34:28 - [TEST_STEP][PASSED] - closeBrowser(): Browser is closed

2019-02-03 15:34:32 - [MESSAGE][PASSED] - Browser is closed]]></system-out>
         <system-err><![CDATA[]]></system-err>
      </testcase>
      <system-out><![CDATA[2019-02-03 15:29:00 - [TEST_SUITE][PASSED] - Datadriven: Test Cases/Datadriven]]></system-out>
      <system-err><![CDATA[]]></system-err>
   </testsuite>
</testsuites>
