<?xml version="1.0" encoding="UTF-8"?>
<testsuites name="Datadriven" time="302" tests="4" failures="0" errors="0">
   <testsuite name="Datadriven" tests="4" failures="0" errors="0" time="302" timestamp="2019-02-02 15:19:12" hostname="Ramesh - TEJA" id="Test Suites/Datadriven">
      <properties>
         <property name="deviceName" value=""/>
         <property name="devicePlatform" value=""/>
         <property name="logFolder" value="C:\\Users\\Ramesh\\Katalon Studio\\Rameshbabu\\Reports\\Datadriven\\20190202_151906"/>
         <property name="logFiles" value="C:\\Users\\Ramesh\\Katalon Studio\\Rameshbabu\\Reports\\Datadriven\\20190202_151906\\execution0.log"/>
         <property name="attachments" value=""/>
         <property name="hostName" value="Ramesh - TEJA"/>
         <property name="os" value="Windows 10 64bit"/>
         <property name="katalonVersion" value="5.10.1.1"/>
         <property name="browser" value="Chrome 71.0.3578.98"/>
         <property name="hostAddress" value="192.168.0.117"/>
         <property name="sessionId" value="4c49f26d8ea7a4df4b293c5b9b9ab66a"/>
         <property name="seleniumVersion" value="3.7.1"/>
         <property name="proxyInformation" value="ProxyInformation{proxyOption=NO_PROXY, proxyServerType=HTTP, password=, proxyServerAddress=, proxyServerPort=0}"/>
         <property name="platform" value="Windows 10"/>
      </properties>
      <testcase name="Test Cases/Datadriven" classname="Test Cases/Datadriven" status="PASSED">
         <system-out><![CDATA[2019-02-02 15:19:13 - [TEST_CASE][PASSED] - Test Cases/Datadriven: Test Cases/Datadriven

2019-02-02 15:19:14 - [TEST_STEP][PASSED] - openBrowser(""): Browser is opened with url: ''

2019-02-02 15:19:14 - [MESSAGE][INFO] - Starting 'Chrome' driver

2019-02-02 15:19:14 - [MESSAGE][INFO] - Action delay is set to 2 seconds

2019-02-02 15:19:30 - [MESSAGE][PASSED] - Browser is opened with url: ''

2019-02-02 15:19:30 - [TEST_STEP][PASSED] - maximizeWindow(): Current window maximized

2019-02-02 15:19:33 - [MESSAGE][PASSED] - Current window maximized

2019-02-02 15:19:33 - [TEST_STEP][PASSED] - navigateToUrl("https://accounts.google.com/signup"): Navigate to 'https://accounts.google.com/signup' successfully

2019-02-02 15:19:43 - [MESSAGE][PASSED] - Navigate to 'https://accounts.google.com/signup' successfully

2019-02-02 15:19:43 - [TEST_STEP][PASSED] - setText(findTestObject("Datadriven_OR/FIrst name"), Firtsname): Text 'Ramesh' is set on object 'Object Repository/Datadriven_OR/FIrst name'

2019-02-02 15:19:52 - [MESSAGE][PASSED] - Text 'Ramesh' is set on object 'Object Repository/Datadriven_OR/FIrst name'

2019-02-02 15:19:52 - [TEST_STEP][PASSED] - setText(findTestObject("Datadriven_OR/Last name"), Lastname): Text 'Gvs' is set on object 'Object Repository/Datadriven_OR/Last name'

2019-02-02 15:20:00 - [MESSAGE][PASSED] - Text 'Gvs' is set on object 'Object Repository/Datadriven_OR/Last name'

2019-02-02 15:20:00 - [TEST_STEP][PASSED] - setText(findTestObject("Datadriven_OR/Username"), Username): Text 'ramgvs4@gmail.om' is set on object 'Object Repository/Datadriven_OR/Username'

2019-02-02 15:20:10 - [MESSAGE][PASSED] - Text 'ramgvs4@gmail.om' is set on object 'Object Repository/Datadriven_OR/Username'

2019-02-02 15:20:10 - [TEST_STEP][PASSED] - setText(findTestObject("Datadriven_OR/Password"), Password): Text 'Ramesh123#' is set on object 'Object Repository/Datadriven_OR/Password'

2019-02-02 15:20:19 - [MESSAGE][PASSED] - Text 'Ramesh123#' is set on object 'Object Repository/Datadriven_OR/Password'

2019-02-02 15:20:19 - [TEST_STEP][PASSED] - setText(findTestObject("Datadriven_OR/Confirm"), Confirm): Text 'Ramesh123#' is set on object 'Object Repository/Datadriven_OR/Confirm'

2019-02-02 15:20:28 - [MESSAGE][PASSED] - Text 'Ramesh123#' is set on object 'Object Repository/Datadriven_OR/Confirm'

2019-02-02 15:20:28 - [TEST_STEP][PASSED] - click(findTestObject("Datadriven_OR/Next")): Object: 'Object Repository/Datadriven_OR/Next' is clicked on

2019-02-02 15:20:34 - [MESSAGE][PASSED] - Object: 'Object Repository/Datadriven_OR/Next' is clicked on]]></system-out>
         <system-err><![CDATA[]]></system-err>
      </testcase>
      <testcase name="Test Cases/Datadriven" classname="Test Cases/Datadriven" status="PASSED">
         <system-out><![CDATA[2019-02-02 15:20:34 - [TEST_CASE][PASSED] - Test Cases/Datadriven: Test Cases/Datadriven

2019-02-02 15:20:34 - [TEST_STEP][PASSED] - openBrowser(""): Browser is opened with url: ''

2019-02-02 15:20:34 - [MESSAGE][WARNING] - A browser is already opened. Closing browser and opening a new one

2019-02-02 15:20:37 - [MESSAGE][INFO] - Starting 'Chrome' driver

2019-02-02 15:20:49 - [MESSAGE][PASSED] - Browser is opened with url: ''

2019-02-02 15:20:49 - [TEST_STEP][PASSED] - maximizeWindow(): Current window maximized

2019-02-02 15:20:52 - [MESSAGE][PASSED] - Current window maximized

2019-02-02 15:20:52 - [TEST_STEP][PASSED] - navigateToUrl("https://accounts.google.com/signup"): Navigate to 'https://accounts.google.com/signup' successfully

2019-02-02 15:20:57 - [MESSAGE][PASSED] - Navigate to 'https://accounts.google.com/signup' successfully

2019-02-02 15:20:57 - [TEST_STEP][PASSED] - setText(findTestObject("Datadriven_OR/FIrst name"), Firtsname): Text 'Rameshbabu' is set on object 'Object Repository/Datadriven_OR/FIrst name'

2019-02-02 15:21:06 - [MESSAGE][PASSED] - Text 'Rameshbabu' is set on object 'Object Repository/Datadriven_OR/FIrst name'

2019-02-02 15:21:06 - [TEST_STEP][PASSED] - setText(findTestObject("Datadriven_OR/Last name"), Lastname): Text 'Gvs' is set on object 'Object Repository/Datadriven_OR/Last name'

2019-02-02 15:21:15 - [MESSAGE][PASSED] - Text 'Gvs' is set on object 'Object Repository/Datadriven_OR/Last name'

2019-02-02 15:21:15 - [TEST_STEP][PASSED] - setText(findTestObject("Datadriven_OR/Username"), Username): Text 'ramgvs3@gmail.com' is set on object 'Object Repository/Datadriven_OR/Username'

2019-02-02 15:21:24 - [MESSAGE][PASSED] - Text 'ramgvs3@gmail.com' is set on object 'Object Repository/Datadriven_OR/Username'

2019-02-02 15:21:24 - [TEST_STEP][PASSED] - setText(findTestObject("Datadriven_OR/Password"), Password): Text 'Ramesh123$' is set on object 'Object Repository/Datadriven_OR/Password'

2019-02-02 15:21:33 - [MESSAGE][PASSED] - Text 'Ramesh123$' is set on object 'Object Repository/Datadriven_OR/Password'

2019-02-02 15:21:33 - [TEST_STEP][PASSED] - setText(findTestObject("Datadriven_OR/Confirm"), Confirm): Text 'Ramesh123$' is set on object 'Object Repository/Datadriven_OR/Confirm'

2019-02-02 15:21:43 - [MESSAGE][PASSED] - Text 'Ramesh123$' is set on object 'Object Repository/Datadriven_OR/Confirm'

2019-02-02 15:21:43 - [TEST_STEP][PASSED] - click(findTestObject("Datadriven_OR/Next")): Object: 'Object Repository/Datadriven_OR/Next' is clicked on

2019-02-02 15:21:49 - [MESSAGE][PASSED] - Object: 'Object Repository/Datadriven_OR/Next' is clicked on]]></system-out>
         <system-err><![CDATA[]]></system-err>
      </testcase>
      <testcase name="Test Cases/Datadriven" classname="Test Cases/Datadriven" status="PASSED">
         <system-out><![CDATA[2019-02-02 15:21:49 - [TEST_CASE][PASSED] - Test Cases/Datadriven: Test Cases/Datadriven

2019-02-02 15:21:49 - [TEST_STEP][PASSED] - openBrowser(""): Browser is opened with url: ''

2019-02-02 15:21:49 - [MESSAGE][WARNING] - A browser is already opened. Closing browser and opening a new one

2019-02-02 15:21:52 - [MESSAGE][INFO] - Starting 'Chrome' driver

2019-02-02 15:22:01 - [MESSAGE][PASSED] - Browser is opened with url: ''

2019-02-02 15:22:01 - [TEST_STEP][PASSED] - maximizeWindow(): Current window maximized

2019-02-02 15:22:04 - [MESSAGE][PASSED] - Current window maximized

2019-02-02 15:22:04 - [TEST_STEP][PASSED] - navigateToUrl("https://accounts.google.com/signup"): Navigate to 'https://accounts.google.com/signup' successfully

2019-02-02 15:22:10 - [MESSAGE][PASSED] - Navigate to 'https://accounts.google.com/signup' successfully

2019-02-02 15:22:10 - [TEST_STEP][PASSED] - setText(findTestObject("Datadriven_OR/FIrst name"), Firtsname): Text 'Mahesh' is set on object 'Object Repository/Datadriven_OR/FIrst name'

2019-02-02 15:22:19 - [MESSAGE][PASSED] - Text 'Mahesh' is set on object 'Object Repository/Datadriven_OR/FIrst name'

2019-02-02 15:22:19 - [TEST_STEP][PASSED] - setText(findTestObject("Datadriven_OR/Last name"), Lastname): Text 'GVS' is set on object 'Object Repository/Datadriven_OR/Last name'

2019-02-02 15:22:28 - [MESSAGE][PASSED] - Text 'GVS' is set on object 'Object Repository/Datadriven_OR/Last name'

2019-02-02 15:22:28 - [TEST_STEP][PASSED] - setText(findTestObject("Datadriven_OR/Username"), Username): Text 'ramgvs2@gmail.com' is set on object 'Object Repository/Datadriven_OR/Username'

2019-02-02 15:22:38 - [MESSAGE][PASSED] - Text 'ramgvs2@gmail.com' is set on object 'Object Repository/Datadriven_OR/Username'

2019-02-02 15:22:38 - [TEST_STEP][PASSED] - setText(findTestObject("Datadriven_OR/Password"), Password): Text 'Ramesh123$' is set on object 'Object Repository/Datadriven_OR/Password'

2019-02-02 15:22:47 - [MESSAGE][PASSED] - Text 'Ramesh123$' is set on object 'Object Repository/Datadriven_OR/Password'

2019-02-02 15:22:47 - [TEST_STEP][PASSED] - setText(findTestObject("Datadriven_OR/Confirm"), Confirm): Text 'Ramesh123$' is set on object 'Object Repository/Datadriven_OR/Confirm'

2019-02-02 15:22:56 - [MESSAGE][PASSED] - Text 'Ramesh123$' is set on object 'Object Repository/Datadriven_OR/Confirm'

2019-02-02 15:22:56 - [TEST_STEP][PASSED] - click(findTestObject("Datadriven_OR/Next")): Object: 'Object Repository/Datadriven_OR/Next' is clicked on

2019-02-02 15:23:02 - [MESSAGE][PASSED] - Object: 'Object Repository/Datadriven_OR/Next' is clicked on]]></system-out>
         <system-err><![CDATA[]]></system-err>
      </testcase>
      <testcase name="Test Cases/Datadriven" classname="Test Cases/Datadriven" status="PASSED">
         <system-out><![CDATA[2019-02-02 15:23:02 - [TEST_CASE][PASSED] - Test Cases/Datadriven: Test Cases/Datadriven

2019-02-02 15:23:02 - [TEST_STEP][PASSED] - openBrowser(""): Browser is opened with url: ''

2019-02-02 15:23:02 - [MESSAGE][WARNING] - A browser is already opened. Closing browser and opening a new one

2019-02-02 15:23:05 - [MESSAGE][INFO] - Starting 'Chrome' driver

2019-02-02 15:23:14 - [MESSAGE][PASSED] - Browser is opened with url: ''

2019-02-02 15:23:14 - [TEST_STEP][PASSED] - maximizeWindow(): Current window maximized

2019-02-02 15:23:17 - [MESSAGE][PASSED] - Current window maximized

2019-02-02 15:23:17 - [TEST_STEP][PASSED] - navigateToUrl("https://accounts.google.com/signup"): Navigate to 'https://accounts.google.com/signup' successfully

2019-02-02 15:23:22 - [MESSAGE][PASSED] - Navigate to 'https://accounts.google.com/signup' successfully

2019-02-02 15:23:22 - [TEST_STEP][PASSED] - setText(findTestObject("Datadriven_OR/FIrst name"), Firtsname): Text 'Raju' is set on object 'Object Repository/Datadriven_OR/FIrst name'

2019-02-02 15:23:31 - [MESSAGE][PASSED] - Text 'Raju' is set on object 'Object Repository/Datadriven_OR/FIrst name'

2019-02-02 15:23:31 - [TEST_STEP][PASSED] - setText(findTestObject("Datadriven_OR/Last name"), Lastname): Text 'Gsn' is set on object 'Object Repository/Datadriven_OR/Last name'

2019-02-02 15:23:39 - [MESSAGE][PASSED] - Text 'Gsn' is set on object 'Object Repository/Datadriven_OR/Last name'

2019-02-02 15:23:39 - [TEST_STEP][PASSED] - setText(findTestObject("Datadriven_OR/Username"), Username): Text 'raj@gmail.om' is set on object 'Object Repository/Datadriven_OR/Username'

2019-02-02 15:23:48 - [MESSAGE][PASSED] - Text 'raj@gmail.om' is set on object 'Object Repository/Datadriven_OR/Username'

2019-02-02 15:23:48 - [TEST_STEP][PASSED] - setText(findTestObject("Datadriven_OR/Password"), Password): Text 'Raju123$' is set on object 'Object Repository/Datadriven_OR/Password'

2019-02-02 15:23:57 - [MESSAGE][PASSED] - Text 'Raju123$' is set on object 'Object Repository/Datadriven_OR/Password'

2019-02-02 15:23:57 - [TEST_STEP][PASSED] - setText(findTestObject("Datadriven_OR/Confirm"), Confirm): Text 'Raju123$' is set on object 'Object Repository/Datadriven_OR/Confirm'

2019-02-02 15:24:06 - [MESSAGE][PASSED] - Text 'Raju123$' is set on object 'Object Repository/Datadriven_OR/Confirm'

2019-02-02 15:24:06 - [TEST_STEP][PASSED] - click(findTestObject("Datadriven_OR/Next")): Object: 'Object Repository/Datadriven_OR/Next' is clicked on

2019-02-02 15:24:11 - [MESSAGE][PASSED] - Object: 'Object Repository/Datadriven_OR/Next' is clicked on]]></system-out>
         <system-err><![CDATA[]]></system-err>
      </testcase>
      <system-out><![CDATA[2019-02-02 15:19:12 - [TEST_SUITE][PASSED] - Datadriven: Test Cases/Datadriven]]></system-out>
      <system-err><![CDATA[]]></system-err>
   </testsuite>
</testsuites>
